Added Component: Designator=D1(DO-41)
Added Component: Designator=MCU(ARDUINO_NANO_ARDUINO_NANO(Primary))
Added Component: Designator=PD1(HDR1X5)
Added Component: Designator=PD2(HDR1X5)
Added Component: Designator=PIN_1(HDR1X2)
Added Component: Designator=PIN_2(HDR1X2)
Added Component: Designator=PIN_3(HDR1X2)
Added Component: Designator=PIN_4(HDR1X2)
Added Component: Designator=PIN_5(HDR1X2)
Added Component: Designator=PIN_6(HDR1X2)
Added Component: Designator=PIN_7(HDR1X2)
Added Component: Designator=POUT_1(HDR1X6)
Added Component: Designator=PW1(HDR1X2)
Added Component: Designator=R1(AXIAL-0.3)
Added Component: Designator=R2(AXIAL-0.3)
Added Component: Designator=R3(AXIAL-0.3)
Added Component: Designator=R4(AXIAL-0.3)
Added Component: Designator=R5(AXIAL-0.3)
Added Component: Designator=R6(AXIAL-0.3)
Added Component: Designator=R7(AXIAL-0.3)
Added Pin To Net: NetName=5V Pin=D1-2
Added Pin To Net: NetName=5V Pin=MCU-5V
Added Pin To Net: NetName=5V Pin=PD1-1
Added Pin To Net: NetName=5V Pin=PD2-1
Added Pin To Net: NetName=5V Pin=POUT_1-1
Added Pin To Net: NetName=5V Pin=R1-2
Added Pin To Net: NetName=5V Pin=R2-2
Added Pin To Net: NetName=5V Pin=R3-2
Added Pin To Net: NetName=5V Pin=R4-2
Added Pin To Net: NetName=5V Pin=R5-2
Added Pin To Net: NetName=5V Pin=R6-2
Added Pin To Net: NetName=5V Pin=R7-2
Added Net: Name=5V
Added Pin To Net: NetName=GND Pin=MCU-GND
Added Pin To Net: NetName=GND Pin=MCU-GND
Added Pin To Net: NetName=GND Pin=PD1-5
Added Pin To Net: NetName=GND Pin=PD2-5
Added Pin To Net: NetName=GND Pin=PIN_1-2
Added Pin To Net: NetName=GND Pin=PIN_2-2
Added Pin To Net: NetName=GND Pin=PIN_3-2
Added Pin To Net: NetName=GND Pin=PIN_4-2
Added Pin To Net: NetName=GND Pin=PIN_5-2
Added Pin To Net: NetName=GND Pin=PIN_6-2
Added Pin To Net: NetName=GND Pin=PIN_7-2
Added Pin To Net: NetName=GND Pin=POUT_1-6
Added Pin To Net: NetName=GND Pin=PW1-2
Added Net: Name=GND
Added Pin To Net: NetName=NetD1_1 Pin=D1-1
Added Pin To Net: NetName=NetD1_1 Pin=PW1-1
Added Net: Name=NetD1_1
Added Pin To Net: NetName=NetMCU_A0 Pin=MCU-A0
Added Pin To Net: NetName=NetMCU_A0 Pin=PIN_4-1
Added Pin To Net: NetName=NetMCU_A0 Pin=R4-1
Added Net: Name=NetMCU_A0
Added Pin To Net: NetName=NetMCU_A1 Pin=MCU-A1
Added Pin To Net: NetName=NetMCU_A1 Pin=PIN_5-1
Added Pin To Net: NetName=NetMCU_A1 Pin=R5-1
Added Net: Name=NetMCU_A1
Added Pin To Net: NetName=NetMCU_A2 Pin=MCU-A2
Added Pin To Net: NetName=NetMCU_A2 Pin=PIN_6-1
Added Pin To Net: NetName=NetMCU_A2 Pin=R6-1
Added Net: Name=NetMCU_A2
Added Pin To Net: NetName=NetMCU_A3 Pin=MCU-A3
Added Pin To Net: NetName=NetMCU_A3 Pin=PIN_7-1
Added Pin To Net: NetName=NetMCU_A3 Pin=R7-1
Added Net: Name=NetMCU_A3
Added Pin To Net: NetName=NetMCU_A4 Pin=MCU-A4
Added Pin To Net: NetName=NetMCU_A4 Pin=POUT_1-2
Added Net: Name=NetMCU_A4
Added Pin To Net: NetName=NetMCU_A5 Pin=MCU-A5
Added Pin To Net: NetName=NetMCU_A5 Pin=POUT_1-3
Added Net: Name=NetMCU_A5
Added Pin To Net: NetName=NetMCU_D2 Pin=MCU-D2
Added Net: Name=NetMCU_D2
Added Pin To Net: NetName=NetMCU_D3 Pin=MCU-D3
Added Pin To Net: NetName=NetMCU_D3 Pin=PIN_1-1
Added Pin To Net: NetName=NetMCU_D3 Pin=R1-1
Added Net: Name=NetMCU_D3
Added Pin To Net: NetName=NetMCU_D4 Pin=MCU-D4
Added Pin To Net: NetName=NetMCU_D4 Pin=PIN_2-1
Added Pin To Net: NetName=NetMCU_D4 Pin=R2-1
Added Net: Name=NetMCU_D4
Added Pin To Net: NetName=NetMCU_D5 Pin=MCU-D5
Added Pin To Net: NetName=NetMCU_D5 Pin=PIN_3-1
Added Pin To Net: NetName=NetMCU_D5 Pin=R3-1
Added Net: Name=NetMCU_D5
Added Pin To Net: NetName=NetMCU_D6 Pin=MCU-D6
Added Pin To Net: NetName=NetMCU_D6 Pin=POUT_1-4
Added Net: Name=NetMCU_D6
Added Pin To Net: NetName=NetMCU_D7 Pin=MCU-D7
Added Pin To Net: NetName=NetMCU_D7 Pin=POUT_1-5
Added Net: Name=NetMCU_D7
Added Pin To Net: NetName=NetMCU_D9 Pin=MCU-D9
Added Pin To Net: NetName=NetMCU_D9 Pin=PD2-2
Added Net: Name=NetMCU_D9
Added Pin To Net: NetName=NetMCU_D10 Pin=MCU-D10
Added Pin To Net: NetName=NetMCU_D10 Pin=PD1-2
Added Net: Name=NetMCU_D10
Added Pin To Net: NetName=NetMCU_D11 Pin=MCU-D11
Added Pin To Net: NetName=NetMCU_D11 Pin=PD1-3
Added Pin To Net: NetName=NetMCU_D11 Pin=PD2-3
Added Net: Name=NetMCU_D11
Added Pin To Net: NetName=NetMCU_D13 Pin=MCU-D13
Added Pin To Net: NetName=NetMCU_D13 Pin=PD1-4
Added Pin To Net: NetName=NetMCU_D13 Pin=PD2-4
Added Net: Name=NetMCU_D13
Added Class: Name=VDMEDA_Arduino
Added Room: Name=VDMEDA_Arduino
