Removed Pin From Net: NetName=GND Pin=PIN_1-2
Removed Pin From Net: NetName=GND Pin=PIN_2-2
Removed Pin From Net: NetName=GND Pin=PIN_3-2
Removed Pin From Net: NetName=GND Pin=PIN_4-2
Removed Pin From Net: NetName=GND Pin=PIN_5-2
Removed Pin From Net: NetName=GND Pin=PIN_6-2
Removed Pin From Net: NetName=GND Pin=PIN_7-2
Removed Pin From Net: NetName=GND Pin=PIN_PWM-2
Change Component Footprint: Designator=PIN_1 Old Footprint=HDR1X2 New Footprint=TO-220_A
Change Component Footprint: Designator=PIN_2 Old Footprint=HDR1X2 New Footprint=TO-220_A
Change Component Footprint: Designator=PIN_3 Old Footprint=HDR1X2 New Footprint=TO-220_A
Change Component Footprint: Designator=PIN_4 Old Footprint=HDR1X2 New Footprint=TO-220_A
Change Component Footprint: Designator=PIN_5 Old Footprint=HDR1X2 New Footprint=TO-220_A
Change Component Footprint: Designator=PIN_6 Old Footprint=HDR1X2 New Footprint=TO-220_A
Change Component Footprint: Designator=PIN_7 Old Footprint=HDR1X2 New Footprint=TO-220_A
Change Component Footprint: Designator=PIN_PWM Old Footprint=HDR1X2 New Footprint=TO-220_A
Added Pin To Net: NetName=GND Pin=PIN_1-3
Added Pin To Net: NetName=GND Pin=PIN_2-3
Added Pin To Net: NetName=GND Pin=PIN_3-3
Added Pin To Net: NetName=GND Pin=PIN_4-3
Added Pin To Net: NetName=GND Pin=PIN_5-3
Added Pin To Net: NetName=GND Pin=PIN_6-3
Added Pin To Net: NetName=GND Pin=PIN_7-3
Added Pin To Net: NetName=GND Pin=PIN_PWM-3
