Added Component: Designator=C1(RAD-0.3)
Added Component: Designator=C2(RB7.6-15)
Added Component: Designator=DS1(HDSM-577)
Added Component: Designator=P0(HDR1X5)
Added Component: Designator=P1(HDR2X5)
Added Component: Designator=P2(HDR2X5)
Added Component: Designator=P3(HDR2X5)
Added Component: Designator=P4(HDR2X5)
Added Component: Designator=P5(HDR2X5)
Added Component: Designator=R1(AXIAL-0.3)
Added Component: Designator=U1(NG24A)
Added Pin To Net: NetName=5V Pin=C1-2
Added Pin To Net: NetName=5V Pin=C2-1
Added Pin To Net: NetName=5V Pin=P0-1
Added Pin To Net: NetName=5V Pin=R1-2
Added Pin To Net: NetName=5V Pin=U1-19
Added Net: Name=5V
Added Pin To Net: NetName=GND Pin=C1-1
Added Pin To Net: NetName=GND Pin=C2-2
Added Pin To Net: NetName=GND Pin=P0-5
Added Pin To Net: NetName=GND Pin=U1-4
Added Pin To Net: NetName=GND Pin=U1-9
Added Net: Name=GND
Added Pin To Net: NetName=NetP0_2 Pin=P0-2
Added Pin To Net: NetName=NetP0_2 Pin=U1-12
Added Net: Name=NetP0_2
Added Pin To Net: NetName=NetP0_3 Pin=P0-3
Added Pin To Net: NetName=NetP0_3 Pin=U1-1
Added Net: Name=NetP0_3
Added Pin To Net: NetName=NetP0_4 Pin=P0-4
Added Pin To Net: NetName=NetP0_4 Pin=U1-13
Added Net: Name=NetP0_4
Added Pin To Net: NetName=NetP2_1 Pin=P2-1
Added Pin To Net: NetName=NetP2_1 Pin=P3-1
Added Pin To Net: NetName=NetP2_1 Pin=P4-1
Added Pin To Net: NetName=NetP2_1 Pin=P5-1
Added Pin To Net: NetName=NetP2_1 Pin=U1-16
Added Net: Name=NetP2_1
Added Pin To Net: NetName=NetP2_2 Pin=P2-2
Added Pin To Net: NetName=NetP2_2 Pin=P3-2
Added Pin To Net: NetName=NetP2_2 Pin=P4-2
Added Pin To Net: NetName=NetP2_2 Pin=P5-2
Added Pin To Net: NetName=NetP2_2 Pin=U1-17
Added Net: Name=NetP2_2
Added Pin To Net: NetName=NetP2_3 Pin=P2-3
Added Pin To Net: NetName=NetP2_3 Pin=P3-3
Added Pin To Net: NetName=NetP2_3 Pin=P4-3
Added Pin To Net: NetName=NetP2_3 Pin=P5-3
Added Pin To Net: NetName=NetP2_3 Pin=U1-15
Added Net: Name=NetP2_3
Added Pin To Net: NetName=NetP2_4 Pin=P2-4
Added Pin To Net: NetName=NetP2_4 Pin=P3-4
Added Pin To Net: NetName=NetP2_4 Pin=P4-4
Added Pin To Net: NetName=NetP2_4 Pin=P5-4
Added Pin To Net: NetName=NetP2_4 Pin=U1-20
Added Net: Name=NetP2_4
Added Pin To Net: NetName=NetP2_5 Pin=P2-5
Added Pin To Net: NetName=NetP2_5 Pin=P3-5
Added Pin To Net: NetName=NetP2_5 Pin=P4-5
Added Pin To Net: NetName=NetP2_5 Pin=P5-5
Added Pin To Net: NetName=NetP2_5 Pin=U1-14
Added Net: Name=NetP2_5
Added Pin To Net: NetName=NetP2_6 Pin=P2-6
Added Pin To Net: NetName=NetP2_6 Pin=P3-6
Added Pin To Net: NetName=NetP2_6 Pin=P4-6
Added Pin To Net: NetName=NetP2_6 Pin=P5-6
Added Pin To Net: NetName=NetP2_6 Pin=U1-21
Added Net: Name=NetP2_6
Added Pin To Net: NetName=NetP2_7 Pin=P2-7
Added Pin To Net: NetName=NetP2_7 Pin=U1-11
Added Net: Name=NetP2_7
Added Pin To Net: NetName=NetP2_8 Pin=P2-8
Added Pin To Net: NetName=NetP2_8 Pin=P3-8
Added Pin To Net: NetName=NetP2_8 Pin=P4-8
Added Pin To Net: NetName=NetP2_8 Pin=P5-8
Added Pin To Net: NetName=NetP2_8 Pin=U1-22
Added Net: Name=NetP2_8
Added Pin To Net: NetName=NetP2_9 Pin=P2-9
Added Pin To Net: NetName=NetP2_9 Pin=U1-2
Added Net: Name=NetP2_9
Added Pin To Net: NetName=NetP2_10 Pin=P2-10
Added Pin To Net: NetName=NetP2_10 Pin=P3-10
Added Pin To Net: NetName=NetP2_10 Pin=P4-10
Added Pin To Net: NetName=NetP2_10 Pin=P5-10
Added Pin To Net: NetName=NetP2_10 Pin=U1-23
Added Net: Name=NetP2_10
Added Pin To Net: NetName=NetP3_7 Pin=P3-7
Added Pin To Net: NetName=NetP3_7 Pin=U1-7
Added Net: Name=NetP3_7
Added Pin To Net: NetName=NetP3_9 Pin=P3-9
Added Pin To Net: NetName=NetP3_9 Pin=U1-6
Added Net: Name=NetP3_9
Added Pin To Net: NetName=NetP4_7 Pin=P4-7
Added Pin To Net: NetName=NetP4_7 Pin=U1-10
Added Net: Name=NetP4_7
Added Pin To Net: NetName=NetP4_9 Pin=P4-9
Added Pin To Net: NetName=NetP4_9 Pin=U1-3
Added Net: Name=NetP4_9
Added Pin To Net: NetName=NetP5_7 Pin=P5-7
Added Pin To Net: NetName=NetP5_7 Pin=U1-8
Added Net: Name=NetP5_7
Added Pin To Net: NetName=NetP5_9 Pin=P5-9
Added Pin To Net: NetName=NetP5_9 Pin=U1-5
Added Net: Name=NetP5_9
Added Pin To Net: NetName=NetR1_1 Pin=R1-1
Added Pin To Net: NetName=NetR1_1 Pin=U1-18
Added Net: Name=NetR1_1
Added Class: Name=VDMEDA_Display1_sub
Added Class: Name=VDMEDA_Display1_v2
Added Room: Name=VDMEDA_Display1_sub
Added Room: Name=VDMEDA_Display1_v2
