Added Component: Designator=DS0(B-88)
Added Component: Designator=P1(HDR1X12)
Added Pin To Net: NetName=NetDS0_1 Pin=DS0-1
Added Pin To Net: NetName=NetDS0_1 Pin=P1-1
Added Net: Name=NetDS0_1
Added Pin To Net: NetName=NetDS0_2 Pin=DS0-2
Added Pin To Net: NetName=NetDS0_2 Pin=P1-2
Added Net: Name=NetDS0_2
Added Pin To Net: NetName=NetDS0_3 Pin=DS0-3
Added Pin To Net: NetName=NetDS0_3 Pin=P1-3
Added Net: Name=NetDS0_3
Added Pin To Net: NetName=NetDS0_4 Pin=DS0-4
Added Pin To Net: NetName=NetDS0_4 Pin=P1-4
Added Net: Name=NetDS0_4
Added Pin To Net: NetName=NetDS0_5 Pin=DS0-5
Added Pin To Net: NetName=NetDS0_5 Pin=P1-5
Added Net: Name=NetDS0_5
Added Pin To Net: NetName=NetDS0_6 Pin=DS0-6
Added Pin To Net: NetName=NetDS0_6 Pin=P1-6
Added Net: Name=NetDS0_6
Added Pin To Net: NetName=NetDS0_7 Pin=DS0-7
Added Pin To Net: NetName=NetDS0_7 Pin=P1-7
Added Net: Name=NetDS0_7
Added Pin To Net: NetName=NetDS0_8 Pin=DS0-8
Added Pin To Net: NetName=NetDS0_8 Pin=P1-8
Added Net: Name=NetDS0_8
Added Pin To Net: NetName=NetDS0_9 Pin=DS0-9
Added Pin To Net: NetName=NetDS0_9 Pin=P1-9
Added Net: Name=NetDS0_9
Added Pin To Net: NetName=NetDS0_10 Pin=DS0-10
Added Pin To Net: NetName=NetDS0_10 Pin=P1-10
Added Net: Name=NetDS0_10
Added Pin To Net: NetName=NetDS0_11 Pin=DS0-11
Added Pin To Net: NetName=NetDS0_11 Pin=P1-11
Added Net: Name=NetDS0_11
Added Pin To Net: NetName=NetDS0_12 Pin=DS0-12
Added Pin To Net: NetName=NetDS0_12 Pin=P1-12
Added Net: Name=NetDS0_12
Added Class: Name=VDMEDA_Display2
Added Room: Name=VDMEDA_Display2
