Added Component: Designator=C0(RAD-0.3)
Added Component: Designator=C1(RB7.6-15)
Added Component: Designator=P0(HDR1X5)
Added Component: Designator=P1(HDR1X12)
Added Component: Designator=R0(AXIAL-0.3)
Added Pin To Net: NetName=GND Pin=C0-1
Added Pin To Net: NetName=5V Pin=C0-2
Added Pin To Net: NetName=5V Pin=C1-1
Added Pin To Net: NetName=GND Pin=C1-2
Added Pin To Net: NetName=5V Pin=P0-1
Added Pin To Net: NetName=NetP0_2 Pin=P0-2
Added Pin To Net: NetName=NetP0_3 Pin=P0-3
Added Pin To Net: NetName=NetP0_4 Pin=P0-4
Added Pin To Net: NetName=GND Pin=P0-5
Added Pin To Net: NetName=NetDS0_1 Pin=P1-1
Added Pin To Net: NetName=NetDS0_2 Pin=P1-2
Added Pin To Net: NetName=NetDS0_3 Pin=P1-3
Added Pin To Net: NetName=NetDS0_4 Pin=P1-4
Added Pin To Net: NetName=NetDS0_5 Pin=P1-5
Added Pin To Net: NetName=NetP1_6 Pin=P1-6
Added Pin To Net: NetName=NetDS0_7 Pin=P1-7
Added Pin To Net: NetName=NetP1_8 Pin=P1-8
Added Pin To Net: NetName=NetP1_9 Pin=P1-9
Added Pin To Net: NetName=NetDS0_10 Pin=P1-10
Added Pin To Net: NetName=NetDS0_11 Pin=P1-11
Added Pin To Net: NetName=NetP1_12 Pin=P1-12
Added Pin To Net: NetName=NetR0_1 Pin=R0-1
Added Pin To Net: NetName=GND Pin=R0-2
Added Member To Class: ClassName=VDMEDA_Display1 Member=Component C0 Cap
Added Member To Class: ClassName=VDMEDA_Display1 Member=Component C1 Cap Pol1
Added Member To Class: ClassName=VDMEDA_Display1 Member=Component P0 Header 5
Added Member To Class: ClassName=VDMEDA_Display1 Member=Component P1 Header 12
Added Member To Class: ClassName=VDMEDA_Display1 Member=Component R0 Res1
